<?xml version="1.0" encoding="UTF-8"?>
<robot generator="Robot 3.2.2 (Python 3.7.0 on win32)" generated="20230620 22:41:46.840" rpa="false">
<suite id="s1" name="Rf3" source="C:\Users\Tarun Gupta\eclipse-workspace\rf3">
<suite id="s1-s1" name="Test" source="C:\Users\Tarun Gupta\eclipse-workspace\rf3\Test">
<suite id="s1-s1-s1" name="Test2" source="C:\Users\Tarun Gupta\eclipse-workspace\rf3\Test\Test2.robot">
<test id="s1-s1-s1-t1" name="Scenario 2: Add and Complete the order">
<kw name="Open Browser" library="Browser">
<tags>
<tag>BrowserControl</tag>
<tag>Setter</tag>
</tags>
<doc>Opens a new browser instance. Use this keyword for quick experiments or debugging sessions.
Use `New Page` directly instead of `Open Browser` for production and automated execution.
See `Browser, Context and Page` for more information about Browser and related concepts.</doc>
<arguments>
<arg>${URL}</arg>
<arg>browser=chromium</arg>
</arguments>
<msg timestamp="20230620 22:41:48.210" level="WARN">Open Browser is for quick experimentation and debugging only. Use New Page for production.</msg>
<msg timestamp="20230620 22:41:48.211" level="INFO">{"browser": "chromium", "headless": false, "handleSIGINT": true, "handleSIGTERM": true, "handleSIGHUP": true, "timeout": 30000.0, "devtools": false, "slowMo": 0.0}</msg>
<msg timestamp="20230620 22:41:48.768" level="INFO">Successfully created browser with options: {"browser":"chromium","headless":false,"handleSIGINT":true,"handleSIGTERM":true,"handleSIGHUP":true,"timeout":30000,"devtools":false,"slowMo":0}</msg>
<msg timestamp="20230620 22:41:48.769" level="INFO">{"acceptDownloads": false, "ignoreHTTPSErrors": false, "bypassCSP": false, "deviceScaleFactor": 1.0, "isMobile": false, "hasTouch": false, "javaScriptEnabled": true, "offline": false, "hideRfBrowser": false}</msg>
<msg timestamp="20230620 22:41:48.799" level="INFO">Successfully created context with options: {"acceptDownloads":false,"ignoreHTTPSErrors":false,"bypassCSP":false,"deviceScaleFactor":1,"isMobile":false,"hasTouch":false,"javaScriptEnabled":true,"offline":false,"hideRfBrowser":false}</msg>
<msg timestamp="20230620 22:41:52.503" level="INFO">Successfully initialized new page object and opened url: https://www.saucedemo.com</msg>
<status status="PASS" starttime="20230620 22:41:48.208" endtime="20230620 22:41:52.504"></status>
</kw>
<kw name="Fill Text" library="Browser">
<tags>
<tag>PageContent</tag>
<tag>Setter</tag>
</tags>
<doc>Clears and fills the given ``text`` into the text field found by ``selector``.</doc>
<arguments>
<arg>//*[@id="user-name"]</arg>
<arg>${UserName}</arg>
</arguments>
<msg timestamp="20230620 22:41:52.505" level="INFO">Fills the text 'standard_user' in the given field.</msg>
<status status="PASS" starttime="20230620 22:41:52.504" endtime="20230620 22:41:52.587"></status>
</kw>
<kw name="Fill Text" library="Browser">
<tags>
<tag>PageContent</tag>
<tag>Setter</tag>
</tags>
<doc>Clears and fills the given ``text`` into the text field found by ``selector``.</doc>
<arguments>
<arg>//*[@id="password"]</arg>
<arg>${PassWord}</arg>
</arguments>
<msg timestamp="20230620 22:41:52.588" level="INFO">Fills the text 'secret_sauce' in the given field.</msg>
<status status="PASS" starttime="20230620 22:41:52.587" endtime="20230620 22:41:52.614"></status>
</kw>
<kw name="Click" library="Browser">
<tags>
<tag>PageContent</tag>
<tag>Setter</tag>
</tags>
<doc>Simulates mouse click on the element found by ``selector``.</doc>
<arguments>
<arg>//*[@id="login-button"]</arg>
</arguments>
<status status="PASS" starttime="20230620 22:41:52.615" endtime="20230620 22:41:52.778"></status>
</kw>
<kw name="Click" library="Browser">
<tags>
<tag>PageContent</tag>
<tag>Setter</tag>
</tags>
<doc>Simulates mouse click on the element found by ``selector``.</doc>
<arguments>
<arg>(//*[text()='Add to cart'])[1]</arg>
</arguments>
<status status="PASS" starttime="20230620 22:41:52.779" endtime="20230620 22:41:52.835"></status>
</kw>
<kw name="Click" library="Browser">
<tags>
<tag>PageContent</tag>
<tag>Setter</tag>
</tags>
<doc>Simulates mouse click on the element found by ``selector``.</doc>
<arguments>
<arg>(//*[text()='Add to cart'])[2]</arg>
</arguments>
<status status="PASS" starttime="20230620 22:41:52.836" endtime="20230620 22:41:52.915"></status>
</kw>
<kw name="Get Text" library="Browser">
<tags>
<tag>Assertion</tag>
<tag>Getter</tag>
<tag>PageContent</tag>
</tags>
<doc>Returns text attribute of the element found by ``selector``.
See the `Finding elements` section for details about the selectors.</doc>
<arguments>
<arg>//*[@class="shopping_cart_badge"]</arg>
</arguments>
<assign>
<var>${CartItem}</var>
</assign>
<msg timestamp="20230620 22:41:52.983" level="INFO">${CartItem} = 2</msg>
<status status="PASS" starttime="20230620 22:41:52.916" endtime="20230620 22:41:52.983"></status>
</kw>
<kw name="Should Be Equal" library="BuiltIn">
<doc>Fails if the given objects are unequal.</doc>
<arguments>
<arg>${CartItem}</arg>
<arg>2</arg>
</arguments>
<status status="PASS" starttime="20230620 22:41:52.984" endtime="20230620 22:41:52.985"></status>
</kw>
<kw name="Click" library="Browser">
<tags>
<tag>PageContent</tag>
<tag>Setter</tag>
</tags>
<doc>Simulates mouse click on the element found by ``selector``.</doc>
<arguments>
<arg>//*[@id="shopping_cart_container"]/a</arg>
</arguments>
<status status="PASS" starttime="20230620 22:41:52.985" endtime="20230620 22:41:53.092"></status>
</kw>
<kw name="Get Element Count" library="Browser">
<tags>
<tag>Assertion</tag>
<tag>Getter</tag>
<tag>PageContent</tag>
</tags>
<doc>Returns the count of elements found with ``selector``.</doc>
<arguments>
<arg>//*[@class="cart_item"]</arg>
</arguments>
<assign>
<var>${CartItemviewCount}</var>
</assign>
<msg timestamp="20230620 22:41:53.122" level="INFO">${CartItemviewCount} = 2</msg>
<status status="PASS" starttime="20230620 22:41:53.093" endtime="20230620 22:41:53.123"></status>
</kw>
<kw name="Should Be Equal As Integers" library="BuiltIn">
<doc>Fails if objects are unequal after converting them to integers.</doc>
<arguments>
<arg>${CartItemviewCount}</arg>
<arg>2</arg>
</arguments>
<msg timestamp="20230620 22:41:53.124" level="INFO">Argument types are:
&lt;class 'int'&gt;
&lt;type 'unicode'&gt;</msg>
<status status="PASS" starttime="20230620 22:41:53.123" endtime="20230620 22:41:53.125"></status>
</kw>
<kw name="Click" library="Browser">
<tags>
<tag>PageContent</tag>
<tag>Setter</tag>
</tags>
<doc>Simulates mouse click on the element found by ``selector``.</doc>
<arguments>
<arg>//*[@id="checkout"]</arg>
</arguments>
<status status="PASS" starttime="20230620 22:41:53.125" endtime="20230620 22:41:53.256"></status>
</kw>
<kw name="Fill Text" library="Browser">
<tags>
<tag>PageContent</tag>
<tag>Setter</tag>
</tags>
<doc>Clears and fills the given ``text`` into the text field found by ``selector``.</doc>
<arguments>
<arg>//*[@id="first-name"]</arg>
<arg>${FirstName}</arg>
</arguments>
<msg timestamp="20230620 22:41:53.259" level="INFO">Fills the text 'Test' in the given field.</msg>
<status status="PASS" starttime="20230620 22:41:53.257" endtime="20230620 22:41:53.344"></status>
</kw>
<kw name="Fill Text" library="Browser">
<tags>
<tag>PageContent</tag>
<tag>Setter</tag>
</tags>
<doc>Clears and fills the given ``text`` into the text field found by ``selector``.</doc>
<arguments>
<arg>//*[@id="last-name"]</arg>
<arg>${LatsName}</arg>
</arguments>
<msg timestamp="20230620 22:41:53.345" level="INFO">Fills the text 'Test1' in the given field.</msg>
<status status="PASS" starttime="20230620 22:41:53.345" endtime="20230620 22:41:53.388"></status>
</kw>
<kw name="Fill Text" library="Browser">
<tags>
<tag>PageContent</tag>
<tag>Setter</tag>
</tags>
<doc>Clears and fills the given ``text`` into the text field found by ``selector``.</doc>
<arguments>
<arg>//*[@id="postal-code"]</arg>
<arg>${Zip}</arg>
</arguments>
<msg timestamp="20230620 22:41:53.390" level="INFO">Fills the text '12345' in the given field.</msg>
<status status="PASS" starttime="20230620 22:41:53.388" endtime="20230620 22:41:53.433"></status>
</kw>
<kw name="Click" library="Browser">
<tags>
<tag>PageContent</tag>
<tag>Setter</tag>
</tags>
<doc>Simulates mouse click on the element found by ``selector``.</doc>
<arguments>
<arg>//*[@id="continue"]</arg>
</arguments>
<status status="PASS" starttime="20230620 22:41:53.434" endtime="20230620 22:41:53.514"></status>
</kw>
<kw name="Get Text" library="Browser">
<tags>
<tag>Assertion</tag>
<tag>Getter</tag>
<tag>PageContent</tag>
</tags>
<doc>Returns text attribute of the element found by ``selector``.
See the `Finding elements` section for details about the selectors.</doc>
<arguments>
<arg>(//*[@class="cart_quantity"])[1]</arg>
</arguments>
<assign>
<var>${Cartqty1}</var>
</assign>
<msg timestamp="20230620 22:41:53.547" level="INFO">${Cartqty1} = 1</msg>
<status status="PASS" starttime="20230620 22:41:53.514" endtime="20230620 22:41:53.547"></status>
</kw>
<kw name="Should Be Equal" library="BuiltIn">
<doc>Fails if the given objects are unequal.</doc>
<arguments>
<arg>${Cartqty1}</arg>
<arg>1</arg>
</arguments>
<status status="PASS" starttime="20230620 22:41:53.548" endtime="20230620 22:41:53.548"></status>
</kw>
<kw name="Get Text" library="Browser">
<tags>
<tag>Assertion</tag>
<tag>Getter</tag>
<tag>PageContent</tag>
</tags>
<doc>Returns text attribute of the element found by ``selector``.
See the `Finding elements` section for details about the selectors.</doc>
<arguments>
<arg>(//*[@class="cart_quantity"])[2]</arg>
</arguments>
<assign>
<var>${Cartqty2}</var>
</assign>
<msg timestamp="20230620 22:41:53.587" level="INFO">${Cartqty2} = 1</msg>
<status status="PASS" starttime="20230620 22:41:53.549" endtime="20230620 22:41:53.588"></status>
</kw>
<kw name="Should Be Equal" library="BuiltIn">
<doc>Fails if the given objects are unequal.</doc>
<arguments>
<arg>${Cartqty2}</arg>
<arg>1</arg>
</arguments>
<status status="PASS" starttime="20230620 22:41:53.588" endtime="20230620 22:41:53.588"></status>
</kw>
<kw name="Get Text" library="Browser">
<tags>
<tag>Assertion</tag>
<tag>Getter</tag>
<tag>PageContent</tag>
</tags>
<doc>Returns text attribute of the element found by ``selector``.
See the `Finding elements` section for details about the selectors.</doc>
<arguments>
<arg>//*[@class="summary_info_label summary_total_label"]</arg>
</arguments>
<assign>
<var>${total}</var>
</assign>
<msg timestamp="20230620 22:41:53.627" level="INFO">${total} = Total: $49.66</msg>
<status status="PASS" starttime="20230620 22:41:53.588" endtime="20230620 22:41:53.628"></status>
</kw>
<kw name="Should Be Equal" library="BuiltIn">
<doc>Fails if the given objects are unequal.</doc>
<arguments>
<arg>${total}</arg>
<arg>Total: $49.66</arg>
</arguments>
<status status="PASS" starttime="20230620 22:41:53.628" endtime="20230620 22:41:53.628"></status>
</kw>
<kw name="Take Screenshot" library="Browser">
<tags>
<tag>PageContent</tag>
</tags>
<doc>Takes a screenshot of the current window and saves it to ``path``. Saves it as a png.</doc>
<msg timestamp="20230620 22:41:53.793" level="INFO" html="yes">&lt;/td&gt;&lt;/tr&gt;&lt;tr&gt;&lt;td colspan="3"&gt;&lt;a href="browser/screenshot/robotframework-browser-screenshot-6.png"&gt;&lt;img src="browser/screenshot/robotframework-browser-screenshot-6.png" width="800px"&gt;&lt;/a&gt;</msg>
<status status="PASS" starttime="20230620 22:41:53.628" endtime="20230620 22:41:53.794"></status>
</kw>
<kw name="Click" library="Browser">
<tags>
<tag>PageContent</tag>
<tag>Setter</tag>
</tags>
<doc>Simulates mouse click on the element found by ``selector``.</doc>
<arguments>
<arg>//*[@id="finish"]</arg>
</arguments>
<status status="PASS" starttime="20230620 22:41:53.794" endtime="20230620 22:41:53.852"></status>
</kw>
<kw name="Take Screenshot" library="Browser">
<tags>
<tag>PageContent</tag>
</tags>
<doc>Takes a screenshot of the current window and saves it to ``path``. Saves it as a png.</doc>
<msg timestamp="20230620 22:41:53.983" level="INFO" html="yes">&lt;/td&gt;&lt;/tr&gt;&lt;tr&gt;&lt;td colspan="3"&gt;&lt;a href="browser/screenshot/robotframework-browser-screenshot-7.png"&gt;&lt;img src="browser/screenshot/robotframework-browser-screenshot-7.png" width="800px"&gt;&lt;/a&gt;</msg>
<status status="PASS" starttime="20230620 22:41:53.852" endtime="20230620 22:41:53.983"></status>
</kw>
<kw name="Get Text" library="Browser">
<tags>
<tag>Assertion</tag>
<tag>Getter</tag>
<tag>PageContent</tag>
</tags>
<doc>Returns text attribute of the element found by ``selector``.
See the `Finding elements` section for details about the selectors.</doc>
<arguments>
<arg>//*[@id="checkout_complete_container"]/h2</arg>
</arguments>
<assign>
<var>${Confirmation Message}</var>
</assign>
<msg timestamp="20230620 22:41:54.025" level="INFO">${Confirmation Message} = Thank you for your order!</msg>
<status status="PASS" starttime="20230620 22:41:53.983" endtime="20230620 22:41:54.025"></status>
</kw>
<kw name="Should Be Equal" library="BuiltIn">
<doc>Fails if the given objects are unequal.</doc>
<arguments>
<arg>${Confirmation Message}</arg>
<arg>Thank you for your order!</arg>
</arguments>
<status status="PASS" starttime="20230620 22:41:54.026" endtime="20230620 22:41:54.026"></status>
</kw>
<kw name="Close Browser" library="Browser">
<tags>
<tag>BrowserControl</tag>
<tag>Setter</tag>
</tags>
<doc>Closes the current browser. Activated browser is set to first active browser.
Closes all context and pages belonging to this browser.
See `Browser, Context and Page` for more information about Browser and related concepts.</doc>
<msg timestamp="20230620 22:41:54.255" level="INFO">Closed browser</msg>
<status status="PASS" starttime="20230620 22:41:54.026" endtime="20230620 22:41:54.257"></status>
</kw>
<status status="PASS" starttime="20230620 22:41:48.200" endtime="20230620 22:41:54.257" critical="yes"></status>
</test>
<status status="PASS" starttime="20230620 22:41:46.921" endtime="20230620 22:41:54.263"></status>
</suite>
<status status="PASS" starttime="20230620 22:41:46.919" endtime="20230620 22:41:54.269"></status>
</suite>
<status status="PASS" starttime="20230620 22:41:46.896" endtime="20230620 22:41:54.271"></status>
</suite>
<statistics>
<total>
<stat pass="1" fail="0">Critical Tests</stat>
<stat pass="1" fail="0">All Tests</stat>
</total>
<tag>
</tag>
<suite>
<stat pass="1" fail="0" id="s1" name="Rf3">Rf3</stat>
<stat pass="1" fail="0" id="s1-s1" name="Test">Rf3.Test</stat>
<stat pass="1" fail="0" id="s1-s1-s1" name="Test2">Rf3.Test.Test2</stat>
</suite>
</statistics>
<errors>
<msg timestamp="20230620 22:41:48.210" level="WARN">Open Browser is for quick experimentation and debugging only. Use New Page for production.</msg>
</errors>
</robot>
